This is pdfTeX, Version 3.141592653-2.6-1.40.22 (MiKTeX 21.2) (preloaded format=pdflatex 2021.6.16)  29 SEP 2021 23:46
entering extended mode
**./document.tex
(document.tex
LaTeX2e <2020-10-01> patch level 4
L3 programming layer <2021-02-18> xparse <2020-03-03>
(d:\Users\Demon\AppData\Local\Programs\MiKTeX\tex/latex/base\article.cls
Document Class: article 2020/04/10 v1.4m Standard LaTeX document class
(d:\Users\Demon\AppData\Local\Programs\MiKTeX\tex/latex/base\size10.clo
File: size10.clo 2020/04/10 v1.4m Standard LaTeX file (size option)
)
\c@part=\count179
\c@section=\count180
\c@subsection=\count181
\c@subsubsection=\count182
\c@paragraph=\count183
\c@subparagraph=\count184
\c@figure=\count185
\c@table=\count186
\abovecaptionskip=\skip47
\belowcaptionskip=\skip48
\bibindent=\dimen138
)
(d:\Users\Demon\AppData\Local\Programs\MiKTeX\tex/latex/graphics\graphicx.sty
Package: graphicx 2020/09/09 v1.2b Enhanced LaTeX Graphics (DPC,SPQR)

(d:\Users\Demon\AppData\Local\Programs\MiKTeX\tex/latex/graphics\keyval.sty
Package: keyval 2014/10/28 v1.15 key=value parser (DPC)
\KV@toks@=\toks15
)
(d:\Users\Demon\AppData\Local\Programs\MiKTeX\tex/latex/graphics\graphics.sty
Package: graphics 2020/08/30 v1.4c Standard LaTeX Graphics (DPC,SPQR)

(d:\Users\Demon\AppData\Local\Programs\MiKTeX\tex/latex/graphics\trig.sty
Package: trig 2016/01/03 v1.10 sin cos tan (DPC)
)
(d:\Users\Demon\AppData\Local\Programs\MiKTeX\tex/latex/graphics-cfg\graphics.c
fg
File: graphics.cfg 2016/06/04 v1.11 sample graphics configuration
)
Package graphics Info: Driver file: pdftex.def on input line 105.

(d:\Users\Demon\AppData\Local\Programs\MiKTeX\tex/latex/graphics-def\pdftex.def
File: pdftex.def 2020/10/05 v1.2a Graphics/color driver for pdftex
))
\Gin@req@height=\dimen139
\Gin@req@width=\dimen140
) (d:\Users\Demon\AppData\Local\Programs\MiKTeX\tex/latex/caption\caption.sty
Package: caption 2020/10/26 v3.5g Customizing captions (AR)
(d:\Users\Demon\AppData\Local\Programs\MiKTeX\tex/latex/caption\caption3.sty
Package: caption3 2020/10/21 v2.2e caption3 kernel (AR)
\captionmargin=\dimen141
\captionmargin@=\dimen142
\captionwidth=\dimen143
\caption@tempdima=\dimen144
\caption@indent=\dimen145
\caption@parindent=\dimen146
\caption@hangindent=\dimen147
Package caption Info: Standard document class detected.
)
\c@caption@flags=\count187
\c@continuedfloat=\count188
)
(d:\Users\Demon\AppData\Local\Programs\MiKTeX\tex/latex/polski\polski.sty
Package: polski 2017/05/04 v1.3.4 Polish language package

   Switching to Polish text encoding and Polish maths fonts.
(d:\Users\Demon\AppData\Local\Programs\MiKTeX\tex/latex/base\ot4enc.def
File: ot4enc.def 2020/08/10 v2.0s Standard LaTeX file
Now handling font encoding OT4 ...
... no UTF-8 mapping file for font encoding OT4
)
LaTeX Font Info:    Trying to load font information for OT4+cmr on input line 3
60.

(d:\Users\Demon\AppData\Local\Programs\MiKTeX\tex/latex/polski\ot4cmr.fd
File: ot4cmr.fd 2008/02/24 v1.2.1 Font defs for fonts PL (MW)
)
LaTeX Font Info:    Overwriting math alphabet `\mathbf' in version `normal'
(Font)                  OT1/cmr/bx/n --> OT4/cmr/bx/n on input line 360.
LaTeX Font Info:    Overwriting math alphabet `\mathsf' in version `normal'
(Font)                  OT1/cmss/m/n --> OT4/cmss/m/n on input line 360.
LaTeX Font Info:    Overwriting math alphabet `\mathit' in version `normal'
(Font)                  OT1/cmr/m/it --> OT4/cmr/m/it on input line 360.
LaTeX Font Info:    Overwriting math alphabet `\mathtt' in version `normal'
(Font)                  OT1/cmtt/m/n --> OT4/cmtt/m/n on input line 360.
LaTeX Font Info:    Overwriting math alphabet `\mathsf' in version `bold'
(Font)                  OT1/cmss/bx/n --> OT4/cmss/bx/n on input line 360.
LaTeX Font Info:    Overwriting math alphabet `\mathit' in version `bold'
(Font)                  OT1/cmr/bx/it --> OT4/cmr/bx/it on input line 360.
LaTeX Font Info:    Encoding `OT1' has changed to `OT4' for symbol font
(Font)              `operators' in the math version `normal' on input line 360.

LaTeX Font Info:    Overwriting symbol font `operators' in version `normal'
(Font)                  OT1/cmr/m/n --> OT4/cmr/m/n on input line 360.
LaTeX Font Info:    Overwriting symbol font `letters' in version `normal'
(Font)                  OML/cmm/m/it --> OML/plm/m/it on input line 360.
LaTeX Font Info:    Overwriting symbol font `symbols' in version `normal'
(Font)                  OMS/cmsy/m/n --> OMS/plsy/m/n on input line 360.
LaTeX Font Info:    Overwriting symbol font `largesymbols' in version `normal'
(Font)                  OMX/cmex/m/n --> OMX/plex/m/n on input line 360.
LaTeX Font Info:    Encoding `OT1' has changed to `OT4' for symbol font
(Font)              `operators' in the math version `bold' on input line 360.
LaTeX Font Info:    Overwriting symbol font `operators' in version `bold'
(Font)                  OT1/cmr/bx/n --> OT4/cmr/bx/n on input line 360.
LaTeX Font Info:    Overwriting symbol font `letters' in version `bold'
(Font)                  OML/cmm/b/it --> OML/plm/b/it on input line 360.
LaTeX Font Info:    Overwriting symbol font `symbols' in version `bold'
(Font)                  OMS/cmsy/b/n --> OMS/plsy/b/n on input line 360.
)
(d:\Users\Demon\AppData\Local\Programs\MiKTeX\tex/latex/base\inputenc.sty
Package: inputenc 2020/08/01 v1.3d Input encoding file
\inpenc@prehook=\toks16
\inpenc@posthook=\toks17
)
(d:\Users\Demon\AppData\Local\Programs\MiKTeX\tex/latex/listings\listings.sty
\lst@mode=\count189
\lst@gtempboxa=\box47
\lst@token=\toks18
\lst@length=\count190
\lst@currlwidth=\dimen148
\lst@column=\count191
\lst@pos=\count192
\lst@lostspace=\dimen149
\lst@width=\dimen150
\lst@newlines=\count193
\lst@lineno=\count194
\lst@maxwidth=\dimen151

(d:\Users\Demon\AppData\Local\Programs\MiKTeX\tex/latex/listings\lstmisc.sty
File: lstmisc.sty 2020/03/24 1.8d (Carsten Heinz)
\c@lstnumber=\count195
\lst@skipnumbers=\count196
\lst@framebox=\box48
)
(d:\Users\Demon\AppData\Local\Programs\MiKTeX\tex/latex/listings\listings.cfg
File: listings.cfg 2020/03/24 1.8d listings configuration
))
Package: listings 2020/03/24 1.8d (Carsten Heinz)
(d:\Users\Demon\AppData\Local\Programs\MiKTeX\tex/latex/graphics\color.sty
Package: color 2020/02/24 v1.2b Standard LaTeX Color (DPC)

(d:\Users\Demon\AppData\Local\Programs\MiKTeX\tex/latex/graphics-cfg\color.cfg
File: color.cfg 2016/01/02 v1.6 sample color configuration
)
Package color Info: Driver file: pdftex.def on input line 147.
)
(d:\Users\Demon\AppData\Local\Programs\MiKTeX\tex/latex/l3backend\l3backend-pdf
tex.def
File: l3backend-pdftex.def 2021-02-18 L3 backend support: PDF output (pdfTeX)
\l__color_backend_stack_int=\count197
\l__pdf_internal_box=\box49
) (document.aux)
\openout1 = `document.aux'.

LaTeX Font Info:    Checking defaults for OML/cmm/m/it on input line 48.
LaTeX Font Info:    ... okay on input line 48.
LaTeX Font Info:    Checking defaults for OMS/cmsy/m/n on input line 48.
LaTeX Font Info:    ... okay on input line 48.
LaTeX Font Info:    Checking defaults for OT1/cmr/m/n on input line 48.
LaTeX Font Info:    ... okay on input line 48.
LaTeX Font Info:    Checking defaults for T1/cmr/m/n on input line 48.
LaTeX Font Info:    ... okay on input line 48.
LaTeX Font Info:    Checking defaults for TS1/cmr/m/n on input line 48.
LaTeX Font Info:    ... okay on input line 48.
LaTeX Font Info:    Checking defaults for OMX/cmex/m/n on input line 48.
LaTeX Font Info:    ... okay on input line 48.
LaTeX Font Info:    Checking defaults for U/cmr/m/n on input line 48.
LaTeX Font Info:    ... okay on input line 48.
LaTeX Font Info:    Checking defaults for OT4/cmr/m/n on input line 48.
LaTeX Font Info:    ... okay on input line 48.

(d:\Users\Demon\AppData\Local\Programs\MiKTeX\tex/context/base/mkii\supp-pdf.mk
ii
[Loading MPS to PDF converter (version 2006.09.02).]
\scratchcounter=\count198
\scratchdimen=\dimen152
\scratchbox=\box50
\nofMPsegments=\count199
\nofMParguments=\count266
\everyMPshowfont=\toks19
\MPscratchCnt=\count267
\MPscratchDim=\dimen153
\MPnumerator=\count268
\makeMPintoPDFobject=\count269
\everyMPtoPDFconversion=\toks20
)
(d:\Users\Demon\AppData\Local\Programs\MiKTeX\tex/latex/epstopdf-pkg\epstopdf-b
ase.sty
Package: epstopdf-base 2020-01-24 v2.11 Base part for package epstopdf
Package epstopdf-base Info: Redefining graphics rule for `.eps' on input line 4
85.
)
Package caption Info: Begin \AtBeginDocument code.
Package caption Info: listings package is loaded.
Package caption Info: End \AtBeginDocument code.
\c@lstlisting=\count270
LaTeX Font Info:    Trying to load font information for OML+plm on input line 4
9.

(d:\Users\Demon\AppData\Local\Programs\MiKTeX\tex/latex/polski\omlplm.fd
File: omlplm.fd 2008/02/24 v1.2.1 Font defs for fonts PL (MW)
)
LaTeX Font Info:    Trying to load font information for OMS+plsy on input line 
49.

(d:\Users\Demon\AppData\Local\Programs\MiKTeX\tex/latex/polski\omsplsy.fd
File: omsplsy.fd 2008/02/24 v1.2.1 Font defs for fonts PL (MW)
)
LaTeX Font Info:    Trying to load font information for OMX+plex on input line 
49.

(d:\Users\Demon\AppData\Local\Programs\MiKTeX\tex/latex/polski\omxplex.fd
File: omxplex.fd 2008/02/24 v1.2.1 Font defs for fonts PL (MW)
)
LaTeX Font Info:    External font `plex10' loaded for size
(Font)              <12> on input line 49.
LaTeX Font Info:    External font `plex10' loaded for size
(Font)              <8> on input line 49.
LaTeX Font Info:    External font `plex10' loaded for size
(Font)              <6> on input line 49.
<za1.png, id=1, 782.17218pt x 94.85437pt>
File: za1.png Graphic file (type png)
<use za1.png>
Package pdftex.def Info: za1.png  used on input line 52.
(pdftex.def)             Requested size: 345.0pt x 41.8388pt.
<googlehttp.png, id=3, 309.40594pt x 76.78688pt>
File: googlehttp.png Graphic file (type png)
<use googlehttp.png>
Package pdftex.def Info: googlehttp.png  used on input line 60.
(pdftex.def)             Requested size: 345.0pt x 85.62811pt.

[1

{C:/Users/Demon/AppData/Local/MiKTeX/pdftex/config/pdftex.map} <./za1.png> <./g
ooglehttp.png>]
<googlehttpdetails.png, id=15, 363.60844pt x 281.55188pt>
File: googlehttpdetails.png Graphic file (type png)
<use googlehttpdetails.png>
Package pdftex.def Info: googlehttpdetails.png  used on input line 65.
(pdftex.def)             Requested size: 345.0pt x 267.15054pt.
LaTeX Font Info:    Trying to load font information for OT4+cmtt on input line 
70.

(d:\Users\Demon\AppData\Local\Programs\MiKTeX\tex/latex/polski\ot4cmtt.fd
File: ot4cmtt.fd 2008/02/24 v1.2.1 Font defs for fonts PL (MW)
)
<curlhttp.png, id=16, 412.54124pt x 109.91063pt>
File: curlhttp.png Graphic file (type png)
<use curlhttp.png>
Package pdftex.def Info: curlhttp.png  used on input line 73.
(pdftex.def)             Requested size: 345.0pt x 91.91673pt.

Overfull \hbox (0.34001pt too wide) in paragraph at lines 76--77
[]\OT4/cmr/bx/n/10 Sprawdzenie pa-kie-tów przy po-mo-cy na-rz¦-dzi de-we-lo-per
-skich Go-
 []

<chromereq.png, id=17, 511.9125pt x 264.23718pt>
File: chromereq.png Graphic file (type png)
<use chromereq.png>
Package pdftex.def Info: chromereq.png  used on input line 80.
(pdftex.def)             Requested size: 345.0pt x 178.08224pt.

LaTeX Warning: `!h' float specifier changed to `!ht'.

<za2.png, id=18, 774.64406pt x 114.4275pt>
File: za2.png Graphic file (type png)
<use za2.png>
Package pdftex.def Info: za2.png  used on input line 86.
(pdftex.def)             Requested size: 345.0pt x 50.96284pt.
[2

 <./googlehttpdetails.png> <./curlhttp.png>] [3 <./chromereq.png> <./za2.png>]
<za3.png, id=30, 788.9475pt x 120.45pt>
File: za3.png Graphic file (type png)
<use za3.png>
Package pdftex.def Info: za3.png  used on input line 100.
(pdftex.def)             Requested size: 345.0pt x 52.671pt.
<za4.png, id=31, 791.20593pt x 120.45pt>
File: za4.png Graphic file (type png)
<use za4.png>
Package pdftex.def Info: za4.png  used on input line 115.
(pdftex.def)             Requested size: 345.0pt x 52.52213pt.


LaTeX Font Warning: Font shape `OT4/cmtt/bx/n' in size <8> not available
(Font)              Font shape `OT4/cmtt/m/n' tried instead on input line 129.

[4 <./za3.png> <./za4.png>] [5] (document.aux) ) 
Here is how much of TeX's memory you used:
 4447 strings out of 479334
 69838 string characters out of 2857084
 566121 words of memory out of 3000000
 21881 multiletter control sequences out of 15000+200000
 410208 words of font info for 44 fonts, out of 3000000 for 9000
 1141 hyphenation exceptions out of 8191
 68i,7n,74p,465b,1665s stack positions out of 5000i,500n,10000p,200000b,50000s
{d:/Users/Demon/AppData/Local/P
rograms/MiKTeX/fonts/enc/dvips/pl/pltt.enc}{d:/Users/Demon/AppData/Local/Progra
ms/MiKTeX/fonts/enc/dvips/pl/plrm.enc}<d:/Users/Demon/AppData/Local/Programs/Mi
KTeX/fonts/type1/public/pl/plbx10.pfb><d:/Users/Demon/AppData/Local/Programs/Mi
KTeX/fonts/type1/public/pl/plbx12.pfb><d:/Users/Demon/AppData/Local/Programs/Mi
KTeX/fonts/type1/public/pl/plr10.pfb><d:/Users/Demon/AppData/Local/Programs/MiK
TeX/fonts/type1/public/pl/plr12.pfb><d:/Users/Demon/AppData/Local/Programs/MiKT
eX/fonts/type1/public/pl/plr17.pfb><d:/Users/Demon/AppData/Local/Programs/MiKTe
X/fonts/type1/public/pl/plr8.pfb><d:/Users/Demon/AppData/Local/Programs/MiKTeX/
fonts/type1/public/pl/pltt10.pfb><d:/Users/Demon/AppData/Local/Programs/MiKTeX/
fonts/type1/public/pl/pltt8.pfb>
Output written on document.pdf (5 pages, 249369 bytes).
PDF statistics:
 69 PDF objects out of 1000 (max. 8388607)
 0 named destinations out of 1000 (max. 500000)
 41 words of extra memory for PDF output out of 10000 (max. 10000000)

